<?xml version="1.0" encoding="UTF-8"?>
<testsuites name="T1" time="148.692" tests="8" failures="0" errors="0">
   <testsuite name="T1" tests="8" failures="0" errors="0" time="148.692" skipped="0" timestamp="25-03-2024T11:51:46" hostname="lehon - LeThiHongNgot" id="Test Suites/T1">
      <properties>
         <property name="deviceName" value=""/>
         <property name="devicePlatform" value=""/>
         <property name="logFolder" value="C:\\Users\\lehon\\git\\LAB04-TestData-KT\\Reports\\20240325_115132\\T1\\20240325_115132"/>
         <property name="logFiles" value="C:\\Users\\lehon\\git\\LAB04-TestData-KT\\Reports\\20240325_115132\\T1\\20240325_115132\\execution0.log"/>
         <property name="attachments" value=""/>
         <property name="hostName" value="lehon - LeThiHongNgot"/>
         <property name="os" value="Windows 11 64bit"/>
         <property name="katalonVersion" value="9.3.1.212"/>
         <property name="browser" value="Chrome 123.0.0.0"/>
         <property name="hostAddress" value="192.168.56.1"/>
         <property name="sessionId" value="ee531413564e0542e126c41d756b1c4d"/>
         <property name="seleniumVersion" value="3.141.59"/>
         <property name="proxyInformation" value="ProxyInformation { proxyOption=NO_PROXY, proxyServerType=HTTP, username=, password=********, proxyServerAddress=, proxyServerPort=0, executionList=&quot;&quot;, isApplyToDesiredCapabilities=true }"/>
         <property name="platform" value="Windows 11"/>
      </properties>
      <testcase name="Test Cases/DataDiven" time="17.381" classname="Test Cases/DataDiven" status="PASSED">
         <system-out><![CDATA[25-03-2024T11:51:47 - [TEST_CASE][PASSED] - Test Cases/DataDiven: Test Cases/DataDiven

25-03-2024T11:51:47 - [TEST_STEP][PASSED] - openBrowser(""): Browser is opened with url: ''

25-03-2024T11:51:48 - [MESSAGE][INFO] - Starting 'Chrome' driver

25-03-2024T11:51:48 - [MESSAGE][INFO] - Action delay is set to 0 milliseconds

25-03-2024T11:51:52 - [MESSAGE][PASSED] - Browser is opened with url: ''

25-03-2024T11:51:52 - [TEST_STEP][PASSED] - navigateToUrl("https://www.saucedemo.com/"): Navigate to 'https://www.saucedemo.com/' successfully

25-03-2024T11:51:58 - [MESSAGE][PASSED] - Navigate to 'https://www.saucedemo.com/' successfully

25-03-2024T11:51:58 - [TEST_STEP][PASSED] - setText(findTestObject("Object Repository/Page_Swag Labs/input_Swag Labs_user-name"), tk): Text 'visual_user' is set on object 'Object Repository/Page_Swag Labs/input_Swag Labs_user-name'

25-03-2024T11:52:02 - [MESSAGE][PASSED] - Text 'visual_user' is set on object 'Object Repository/Page_Swag Labs/input_Swag Labs_user-name'

25-03-2024T11:52:02 - [TEST_STEP][PASSED] - setText(findTestObject("Object Repository/Page_Swag Labs/input_Swag Labs_password"), ps): Text 'secret_sauce' is set on object 'Object Repository/Page_Swag Labs/input_Swag Labs_password'

25-03-2024T11:52:03 - [MESSAGE][PASSED] - Text 'secret_sauce' is set on object 'Object Repository/Page_Swag Labs/input_Swag Labs_password'

25-03-2024T11:52:03 - [TEST_STEP][PASSED] - click(findTestObject("Object Repository/Page_Swag Labs/input_Swag Labs_login-button")): Object: 'Object Repository/Page_Swag Labs/input_Swag Labs_login-button' is clicked on

25-03-2024T11:52:03 - [MESSAGE][PASSED] - Object: 'Object Repository/Page_Swag Labs/input_Swag Labs_login-button' is clicked on

25-03-2024T11:52:03 - [TEST_STEP][PASSED] - verifyTextPresent(noti, false): Text 'Products' is present on page 

25-03-2024T11:52:04 - [MESSAGE][PASSED] - Text 'Products' is present on page 

25-03-2024T11:52:04 - [TEST_STEP][PASSED] - closeBrowser(): Browser is closed

25-03-2024T11:52:04 - [MESSAGE][PASSED] - Browser is closed]]></system-out>
         <system-err><![CDATA[]]></system-err>
      </testcase>
      <testcase name="Test Cases/DataDiven" time="9.014" classname="Test Cases/DataDiven" status="PASSED">
         <system-out><![CDATA[25-03-2024T11:52:04 - [TEST_CASE][PASSED] - Test Cases/DataDiven: Test Cases/DataDiven

25-03-2024T11:52:04 - [TEST_STEP][PASSED] - openBrowser(""): Browser is opened with url: ''

25-03-2024T11:52:04 - [MESSAGE][INFO] - Starting 'Chrome' driver

25-03-2024T11:52:04 - [MESSAGE][INFO] - Action delay is set to 0 milliseconds

25-03-2024T11:52:05 - [MESSAGE][PASSED] - Browser is opened with url: ''

25-03-2024T11:52:05 - [TEST_STEP][PASSED] - navigateToUrl("https://www.saucedemo.com/"): Navigate to 'https://www.saucedemo.com/' successfully

25-03-2024T11:52:09 - [MESSAGE][PASSED] - Navigate to 'https://www.saucedemo.com/' successfully

25-03-2024T11:52:09 - [TEST_STEP][PASSED] - setText(findTestObject("Object Repository/Page_Swag Labs/input_Swag Labs_user-name"), tk): Text '' is set on object 'Object Repository/Page_Swag Labs/input_Swag Labs_user-name'

25-03-2024T11:52:11 - [MESSAGE][PASSED] - Text '' is set on object 'Object Repository/Page_Swag Labs/input_Swag Labs_user-name'

25-03-2024T11:52:11 - [TEST_STEP][PASSED] - setText(findTestObject("Object Repository/Page_Swag Labs/input_Swag Labs_password"), ps): Text 'secret_sauce' is set on object 'Object Repository/Page_Swag Labs/input_Swag Labs_password'

25-03-2024T11:52:12 - [MESSAGE][PASSED] - Text 'secret_sauce' is set on object 'Object Repository/Page_Swag Labs/input_Swag Labs_password'

25-03-2024T11:52:12 - [TEST_STEP][PASSED] - click(findTestObject("Object Repository/Page_Swag Labs/input_Swag Labs_login-button")): Object: 'Object Repository/Page_Swag Labs/input_Swag Labs_login-button' is clicked on

25-03-2024T11:52:12 - [MESSAGE][PASSED] - Object: 'Object Repository/Page_Swag Labs/input_Swag Labs_login-button' is clicked on

25-03-2024T11:52:12 - [TEST_STEP][PASSED] - verifyTextPresent(noti, false): Text 'Epic sadface: Username is required' is present on page 

25-03-2024T11:52:13 - [MESSAGE][PASSED] - Text 'Epic sadface: Username is required' is present on page 

25-03-2024T11:52:13 - [TEST_STEP][PASSED] - closeBrowser(): Browser is closed

25-03-2024T11:52:13 - [MESSAGE][PASSED] - Browser is closed]]></system-out>
         <system-err><![CDATA[]]></system-err>
      </testcase>
      <testcase name="Test Cases/DataDiven" time="10.086" classname="Test Cases/DataDiven" status="PASSED">
         <system-out><![CDATA[25-03-2024T11:52:13 - [TEST_CASE][PASSED] - Test Cases/DataDiven: Test Cases/DataDiven

25-03-2024T11:52:13 - [TEST_STEP][PASSED] - openBrowser(""): Browser is opened with url: ''

25-03-2024T11:52:13 - [MESSAGE][INFO] - Starting 'Chrome' driver

25-03-2024T11:52:13 - [MESSAGE][INFO] - Action delay is set to 0 milliseconds

25-03-2024T11:52:14 - [MESSAGE][PASSED] - Browser is opened with url: ''

25-03-2024T11:52:14 - [TEST_STEP][PASSED] - navigateToUrl("https://www.saucedemo.com/"): Navigate to 'https://www.saucedemo.com/' successfully

25-03-2024T11:52:16 - [MESSAGE][PASSED] - Navigate to 'https://www.saucedemo.com/' successfully

25-03-2024T11:52:16 - [TEST_STEP][PASSED] - setText(findTestObject("Object Repository/Page_Swag Labs/input_Swag Labs_user-name"), tk): Text 'error_user' is set on object 'Object Repository/Page_Swag Labs/input_Swag Labs_user-name'

25-03-2024T11:52:21 - [MESSAGE][PASSED] - Text 'error_user' is set on object 'Object Repository/Page_Swag Labs/input_Swag Labs_user-name'

25-03-2024T11:52:21 - [TEST_STEP][PASSED] - setText(findTestObject("Object Repository/Page_Swag Labs/input_Swag Labs_password"), ps): Text '' is set on object 'Object Repository/Page_Swag Labs/input_Swag Labs_password'

25-03-2024T11:52:22 - [MESSAGE][PASSED] - Text '' is set on object 'Object Repository/Page_Swag Labs/input_Swag Labs_password'

25-03-2024T11:52:22 - [TEST_STEP][PASSED] - click(findTestObject("Object Repository/Page_Swag Labs/input_Swag Labs_login-button")): Object: 'Object Repository/Page_Swag Labs/input_Swag Labs_login-button' is clicked on

25-03-2024T11:52:22 - [MESSAGE][PASSED] - Object: 'Object Repository/Page_Swag Labs/input_Swag Labs_login-button' is clicked on

25-03-2024T11:52:22 - [TEST_STEP][PASSED] - verifyTextPresent(noti, false): Text 'Epic sadface: Password is required' is present on page 

25-03-2024T11:52:23 - [MESSAGE][PASSED] - Text 'Epic sadface: Password is required' is present on page 

25-03-2024T11:52:23 - [TEST_STEP][PASSED] - closeBrowser(): Browser is closed

25-03-2024T11:52:23 - [MESSAGE][PASSED] - Browser is closed]]></system-out>
         <system-err><![CDATA[]]></system-err>
      </testcase>
      <testcase name="Test Cases/DataDiven" time="9.113" classname="Test Cases/DataDiven" status="PASSED">
         <system-out><![CDATA[25-03-2024T11:52:23 - [TEST_CASE][PASSED] - Test Cases/DataDiven: Test Cases/DataDiven

25-03-2024T11:52:23 - [TEST_STEP][PASSED] - openBrowser(""): Browser is opened with url: ''

25-03-2024T11:52:23 - [MESSAGE][INFO] - Starting 'Chrome' driver

25-03-2024T11:52:23 - [MESSAGE][INFO] - Action delay is set to 0 milliseconds

25-03-2024T11:52:25 - [MESSAGE][PASSED] - Browser is opened with url: ''

25-03-2024T11:52:25 - [TEST_STEP][PASSED] - navigateToUrl("https://www.saucedemo.com/"): Navigate to 'https://www.saucedemo.com/' successfully

25-03-2024T11:52:27 - [MESSAGE][PASSED] - Navigate to 'https://www.saucedemo.com/' successfully

25-03-2024T11:52:27 - [TEST_STEP][PASSED] - setText(findTestObject("Object Repository/Page_Swag Labs/input_Swag Labs_user-name"), tk): Text '' is set on object 'Object Repository/Page_Swag Labs/input_Swag Labs_user-name'

25-03-2024T11:52:30 - [MESSAGE][PASSED] - Text '' is set on object 'Object Repository/Page_Swag Labs/input_Swag Labs_user-name'

25-03-2024T11:52:30 - [TEST_STEP][PASSED] - setText(findTestObject("Object Repository/Page_Swag Labs/input_Swag Labs_password"), ps): Text '' is set on object 'Object Repository/Page_Swag Labs/input_Swag Labs_password'

25-03-2024T11:52:31 - [MESSAGE][PASSED] - Text '' is set on object 'Object Repository/Page_Swag Labs/input_Swag Labs_password'

25-03-2024T11:52:31 - [TEST_STEP][PASSED] - click(findTestObject("Object Repository/Page_Swag Labs/input_Swag Labs_login-button")): Object: 'Object Repository/Page_Swag Labs/input_Swag Labs_login-button' is clicked on

25-03-2024T11:52:31 - [MESSAGE][PASSED] - Object: 'Object Repository/Page_Swag Labs/input_Swag Labs_login-button' is clicked on

25-03-2024T11:52:31 - [TEST_STEP][PASSED] - verifyTextPresent(noti, false): Text 'Epic sadface: Username is required' is present on page 

25-03-2024T11:52:32 - [MESSAGE][PASSED] - Text 'Epic sadface: Username is required' is present on page 

25-03-2024T11:52:32 - [TEST_STEP][PASSED] - closeBrowser(): Browser is closed

25-03-2024T11:52:32 - [MESSAGE][PASSED] - Browser is closed]]></system-out>
         <system-err><![CDATA[]]></system-err>
      </testcase>
      <testcase name="Test Cases/DataDiven" time="15.207" classname="Test Cases/DataDiven" status="PASSED">
         <system-out><![CDATA[25-03-2024T11:52:32 - [TEST_CASE][PASSED] - Test Cases/DataDiven: Test Cases/DataDiven

25-03-2024T11:52:32 - [TEST_STEP][PASSED] - openBrowser(""): Browser is opened with url: ''

25-03-2024T11:52:32 - [MESSAGE][INFO] - Starting 'Chrome' driver

25-03-2024T11:52:32 - [MESSAGE][INFO] - Action delay is set to 0 milliseconds

25-03-2024T11:52:33 - [MESSAGE][PASSED] - Browser is opened with url: ''

25-03-2024T11:52:33 - [TEST_STEP][PASSED] - navigateToUrl("https://www.saucedemo.com/"): Navigate to 'https://www.saucedemo.com/' successfully

25-03-2024T11:52:38 - [MESSAGE][PASSED] - Navigate to 'https://www.saucedemo.com/' successfully

25-03-2024T11:52:38 - [TEST_STEP][PASSED] - setText(findTestObject("Object Repository/Page_Swag Labs/input_Swag Labs_user-name"), tk): Text 'err' is set on object 'Object Repository/Page_Swag Labs/input_Swag Labs_user-name'

25-03-2024T11:52:41 - [MESSAGE][PASSED] - Text 'err' is set on object 'Object Repository/Page_Swag Labs/input_Swag Labs_user-name'

25-03-2024T11:52:41 - [TEST_STEP][PASSED] - setText(findTestObject("Object Repository/Page_Swag Labs/input_Swag Labs_password"), ps): Text 'secret_sauce' is set on object 'Object Repository/Page_Swag Labs/input_Swag Labs_password'

25-03-2024T11:52:42 - [MESSAGE][PASSED] - Text 'secret_sauce' is set on object 'Object Repository/Page_Swag Labs/input_Swag Labs_password'

25-03-2024T11:52:42 - [TEST_STEP][PASSED] - click(findTestObject("Object Repository/Page_Swag Labs/input_Swag Labs_login-button")): Object: 'Object Repository/Page_Swag Labs/input_Swag Labs_login-button' is clicked on

25-03-2024T11:52:43 - [MESSAGE][PASSED] - Object: 'Object Repository/Page_Swag Labs/input_Swag Labs_login-button' is clicked on

25-03-2024T11:52:43 - [TEST_STEP][PASSED] - verifyTextPresent(noti, false): Text 'Epic sadface: Username and password do not match any user in this service' is present on page 

25-03-2024T11:52:47 - [MESSAGE][PASSED] - Text 'Epic sadface: Username and password do not match any user in this service' is present on page 

25-03-2024T11:52:47 - [TEST_STEP][PASSED] - closeBrowser(): Browser is closed

25-03-2024T11:52:48 - [MESSAGE][PASSED] - Browser is closed]]></system-out>
         <system-err><![CDATA[]]></system-err>
      </testcase>
      <testcase name="Test Cases/DataDiven" time="38.06" classname="Test Cases/DataDiven" status="PASSED">
         <system-out><![CDATA[25-03-2024T11:52:48 - [TEST_CASE][PASSED] - Test Cases/DataDiven: Test Cases/DataDiven

25-03-2024T11:52:48 - [TEST_STEP][PASSED] - openBrowser(""): Browser is opened with url: ''

25-03-2024T11:52:48 - [MESSAGE][INFO] - Starting 'Chrome' driver

25-03-2024T11:52:48 - [MESSAGE][INFO] - Action delay is set to 0 milliseconds

25-03-2024T11:52:49 - [MESSAGE][PASSED] - Browser is opened with url: ''

25-03-2024T11:52:49 - [TEST_STEP][PASSED] - navigateToUrl("https://www.saucedemo.com/"): Navigate to 'https://www.saucedemo.com/' successfully

25-03-2024T11:52:50 - [MESSAGE][PASSED] - Navigate to 'https://www.saucedemo.com/' successfully

25-03-2024T11:52:50 - [TEST_STEP][PASSED] - setText(findTestObject("Object Repository/Page_Swag Labs/input_Swag Labs_user-name"), tk): Text 'error_user' is set on object 'Object Repository/Page_Swag Labs/input_Swag Labs_user-name'

25-03-2024T11:52:54 - [MESSAGE][PASSED] - Text 'error_user' is set on object 'Object Repository/Page_Swag Labs/input_Swag Labs_user-name'

25-03-2024T11:52:54 - [TEST_STEP][PASSED] - setText(findTestObject("Object Repository/Page_Swag Labs/input_Swag Labs_password"), ps): Text '1234' is set on object 'Object Repository/Page_Swag Labs/input_Swag Labs_password'

25-03-2024T11:52:55 - [MESSAGE][PASSED] - Text '1234' is set on object 'Object Repository/Page_Swag Labs/input_Swag Labs_password'

25-03-2024T11:52:55 - [TEST_STEP][PASSED] - click(findTestObject("Object Repository/Page_Swag Labs/input_Swag Labs_login-button")): Object: 'Object Repository/Page_Swag Labs/input_Swag Labs_login-button' is clicked on

25-03-2024T11:52:55 - [MESSAGE][PASSED] - Object: 'Object Repository/Page_Swag Labs/input_Swag Labs_login-button' is clicked on

25-03-2024T11:52:55 - [TEST_STEP][PASSED] - verifyTextPresent(noti, false): Text 'Epic sadface: Username and password do not match any user in this service' is present on page 

25-03-2024T11:53:25 - [MESSAGE][PASSED] - Text 'Epic sadface: Username and password do not match any user in this service' is present on page 

25-03-2024T11:53:25 - [TEST_STEP][PASSED] - closeBrowser(): Browser is closed

25-03-2024T11:53:26 - [MESSAGE][PASSED] - Browser is closed]]></system-out>
         <system-err><![CDATA[]]></system-err>
      </testcase>
      <testcase name="Test Cases/DataDiven" time="39.518" classname="Test Cases/DataDiven" status="PASSED">
         <system-out><![CDATA[25-03-2024T11:53:26 - [TEST_CASE][PASSED] - Test Cases/DataDiven: Test Cases/DataDiven

25-03-2024T11:53:26 - [TEST_STEP][PASSED] - openBrowser(""): Browser is opened with url: ''

25-03-2024T11:53:26 - [MESSAGE][INFO] - Starting 'Chrome' driver

25-03-2024T11:53:26 - [MESSAGE][INFO] - Action delay is set to 0 milliseconds

25-03-2024T11:53:27 - [MESSAGE][PASSED] - Browser is opened with url: ''

25-03-2024T11:53:27 - [TEST_STEP][PASSED] - navigateToUrl("https://www.saucedemo.com/"): Navigate to 'https://www.saucedemo.com/' successfully

25-03-2024T11:53:32 - [MESSAGE][PASSED] - Navigate to 'https://www.saucedemo.com/' successfully

25-03-2024T11:53:32 - [TEST_STEP][PASSED] - setText(findTestObject("Object Repository/Page_Swag Labs/input_Swag Labs_user-name"), tk): Text 'err' is set on object 'Object Repository/Page_Swag Labs/input_Swag Labs_user-name'

25-03-2024T11:53:33 - [MESSAGE][PASSED] - Text 'err' is set on object 'Object Repository/Page_Swag Labs/input_Swag Labs_user-name'

25-03-2024T11:53:33 - [TEST_STEP][PASSED] - setText(findTestObject("Object Repository/Page_Swag Labs/input_Swag Labs_password"), ps): Text '1234' is set on object 'Object Repository/Page_Swag Labs/input_Swag Labs_password'

25-03-2024T11:53:34 - [MESSAGE][PASSED] - Text '1234' is set on object 'Object Repository/Page_Swag Labs/input_Swag Labs_password'

25-03-2024T11:53:34 - [TEST_STEP][PASSED] - click(findTestObject("Object Repository/Page_Swag Labs/input_Swag Labs_login-button")): Object: 'Object Repository/Page_Swag Labs/input_Swag Labs_login-button' is clicked on

25-03-2024T11:53:35 - [MESSAGE][PASSED] - Object: 'Object Repository/Page_Swag Labs/input_Swag Labs_login-button' is clicked on

25-03-2024T11:53:35 - [TEST_STEP][PASSED] - verifyTextPresent(noti, false): Text 'Epic sadface: Username and password do not match any user in this service' is present on page 

25-03-2024T11:54:05 - [MESSAGE][PASSED] - Text 'Epic sadface: Username and password do not match any user in this service' is present on page 

25-03-2024T11:54:05 - [TEST_STEP][PASSED] - closeBrowser(): Browser is closed

25-03-2024T11:54:05 - [MESSAGE][PASSED] - Browser is closed]]></system-out>
         <system-err><![CDATA[]]></system-err>
      </testcase>
      <testcase name="Test Cases/DataDiven" time="9.503" classname="Test Cases/DataDiven" status="PASSED">
         <system-out><![CDATA[25-03-2024T11:54:05 - [TEST_CASE][PASSED] - Test Cases/DataDiven: Test Cases/DataDiven

25-03-2024T11:54:06 - [TEST_STEP][PASSED] - openBrowser(""): Browser is opened with url: ''

25-03-2024T11:54:06 - [MESSAGE][INFO] - Starting 'Chrome' driver

25-03-2024T11:54:06 - [MESSAGE][INFO] - Action delay is set to 0 milliseconds

25-03-2024T11:54:07 - [MESSAGE][PASSED] - Browser is opened with url: ''

25-03-2024T11:54:07 - [TEST_STEP][PASSED] - navigateToUrl("https://www.saucedemo.com/"): Navigate to 'https://www.saucedemo.com/' successfully

25-03-2024T11:54:11 - [MESSAGE][PASSED] - Navigate to 'https://www.saucedemo.com/' successfully

25-03-2024T11:54:11 - [TEST_STEP][PASSED] - setText(findTestObject("Object Repository/Page_Swag Labs/input_Swag Labs_user-name"), tk): Text '' is set on object 'Object Repository/Page_Swag Labs/input_Swag Labs_user-name'

25-03-2024T11:54:13 - [MESSAGE][PASSED] - Text '' is set on object 'Object Repository/Page_Swag Labs/input_Swag Labs_user-name'

25-03-2024T11:54:13 - [TEST_STEP][PASSED] - setText(findTestObject("Object Repository/Page_Swag Labs/input_Swag Labs_password"), ps): Text '' is set on object 'Object Repository/Page_Swag Labs/input_Swag Labs_password'

25-03-2024T11:54:14 - [MESSAGE][PASSED] - Text '' is set on object 'Object Repository/Page_Swag Labs/input_Swag Labs_password'

25-03-2024T11:54:14 - [TEST_STEP][PASSED] - click(findTestObject("Object Repository/Page_Swag Labs/input_Swag Labs_login-button")): Object: 'Object Repository/Page_Swag Labs/input_Swag Labs_login-button' is clicked on

25-03-2024T11:54:14 - [MESSAGE][PASSED] - Object: 'Object Repository/Page_Swag Labs/input_Swag Labs_login-button' is clicked on

25-03-2024T11:54:14 - [TEST_STEP][PASSED] - verifyTextPresent(noti, false): Text '' is present on page 

25-03-2024T11:54:15 - [MESSAGE][PASSED] - Text '' is present on page 

25-03-2024T11:54:15 - [TEST_STEP][PASSED] - closeBrowser(): Browser is closed

25-03-2024T11:54:15 - [MESSAGE][PASSED] - Browser is closed]]></system-out>
         <system-err><![CDATA[]]></system-err>
      </testcase>
      <system-out><![CDATA[25-03-2024T11:51:46 - [TEST_SUITE][PASSED] - T1: Test Cases/DataDiven]]></system-out>
      <system-err><![CDATA[]]></system-err>
   </testsuite>
</testsuites>
